<?xml version="1.0" encoding="UTF-8"?>
<testng-results total="1" passed="1" failed="0" skipped="0">
  <reporter-output>
  </reporter-output>
  <suite started-at="2020-08-02T06:48:44Z" name="Suite" finished-at="2020-08-02T06:48:54Z" duration-ms="9629">
    <groups>
    </groups>
    <test started-at="2020-08-02T06:48:44Z" name="Test" finished-at="2020-08-02T06:48:54Z" duration-ms="9629">
      <class name="mavenApp.MainTest">
        <test-method signature="test()[pri:0, instance:mavenApp.MainTest@27ff5d15]" started-at="2020-08-02T12:18:44Z" name="test" finished-at="2020-08-02T12:18:54Z" duration-ms="9611" status="PASS">
          <reporter-output>
          </reporter-output>
        </test-method> <!-- test -->
      </class> <!-- mavenApp.MainTest -->
    </test> <!-- Test -->
  </suite> <!-- Suite -->
</testng-results>
