<?xml version="1.0" encoding="UTF-8"?>
<testng-results skipped="0" failed="0" total="1" passed="1">
  <reporter-output>
  </reporter-output>
  <suite name="Suite" duration-ms="10766" started-at="2020-08-04T08:11:26Z" finished-at="2020-08-04T08:11:37Z">
    <groups>
    </groups>
    <test name="Test" duration-ms="10766" started-at="2020-08-04T08:11:26Z" finished-at="2020-08-04T08:11:37Z">
      <class name="mavenApp.MainTest">
        <test-method status="PASS" signature="test()[pri:0, instance:mavenApp.MainTest@6e1ec318]" name="test" duration-ms="10746" started-at="2020-08-04T04:11:26Z" finished-at="2020-08-04T04:11:37Z">
          <reporter-output>
          </reporter-output>
        </test-method> <!-- test -->
      </class> <!-- mavenApp.MainTest -->
    </test> <!-- Test -->
  </suite> <!-- Suite -->
</testng-results>
