<?xml version="1.0" encoding="UTF-8"?>
<testng-results ignored="0" total="1" passed="1" failed="0" skipped="0">
  <reporter-output>
  </reporter-output>
  <suite started-at="2020-08-02T12:15:42 IST" name="Default suite" finished-at="2020-08-02T12:15:52 IST" duration-ms="9570">
    <groups>
    </groups>
    <test started-at="2020-08-02T12:15:42 IST" name="Default test" finished-at="2020-08-02T12:15:52 IST" duration-ms="9570">
      <class name="mavenApp.MainTest">
        <test-method signature="test()[pri:0, instance:mavenApp.MainTest@5a955565]" started-at="2020-08-02T12:15:42 IST" name="test" finished-at="2020-08-02T12:15:52 IST" duration-ms="9521" status="PASS">
          <reporter-output>
          </reporter-output>
        </test-method> <!-- test -->
      </class> <!-- mavenApp.MainTest -->
    </test> <!-- Default test -->
  </suite> <!-- Default suite -->
</testng-results>
